2019-11-11 11:11:06,739 [Worker-1] INFO  c.g.t.t.d.PublishedGradleVersions - Gradle version information cache is out-of-date. Trying to update.
2019-11-11 11:11:06,901 [Worker-1] INFO  c.g.t.t.d.PublishedGradleVersions - Updating Gradle version information cache failed. Using outdated cache.
2019-11-11 11:16:19,903 [Worker-1] WARN  o.e.r.models.ModelRepository - Failed to download org.eclipse.recommenders:index::zip:0.0.0
org.eclipse.aether.resolution.ArtifactResolutionException: Could not transfer artifact org.eclipse.recommenders:index:zip:0.0.0-SNAPSHOT from/to models (http://download.eclipse.org/recommenders/models/oxygen/): download.eclipse.org
	at org.eclipse.aether.internal.impl.DefaultArtifactResolver.resolve(DefaultArtifactResolver.java:453) ~[na:na]
	at org.eclipse.aether.internal.impl.DefaultArtifactResolver.resolveArtifacts(DefaultArtifactResolver.java:255) ~[na:na]
	at org.eclipse.aether.internal.impl.DefaultArtifactResolver.resolveArtifact(DefaultArtifactResolver.java:232) ~[na:na]
	at org.eclipse.aether.internal.impl.DefaultRepositorySystem.resolveArtifact(DefaultRepositorySystem.java:303) ~[na:na]
	at org.eclipse.recommenders.models.ModelRepository.resolveInternal(ModelRepository.java:193) [org.eclipse.recommenders.models_2.5.2.v20180401-1226.jar:na]
	at org.eclipse.recommenders.models.ModelRepository.resolve(ModelRepository.java:172) [org.eclipse.recommenders.models_2.5.2.v20180401-1226.jar:na]
	at org.eclipse.recommenders.internal.models.rcp.EclipseModelRepository.resolve(EclipseModelRepository.java:168) [org.eclipse.recommenders.models.rcp_2.5.2.v20180401-1226.jar:na]
	at org.eclipse.recommenders.internal.models.rcp.DownloadModelArchiveJob.run(DownloadModelArchiveJob.java:76) [org.eclipse.recommenders.models.rcp_2.5.2.v20180401-1226.jar:na]
	at org.eclipse.core.internal.jobs.Worker.run(Worker.java:56) [org.eclipse.core.jobs_3.9.3.v20180115-1757.jar:na]
Caused by: org.eclipse.aether.transfer.ArtifactTransferException: Could not transfer artifact org.eclipse.recommenders:index:zip:0.0.0-SNAPSHOT from/to models (http://download.eclipse.org/recommenders/models/oxygen/): download.eclipse.org
	at org.eclipse.aether.connector.basic.ArtifactTransportListener.transferFailed(ArtifactTransportListener.java:52) ~[org.apache.maven.resolver.connector.basic_1.0.3.v20170405-0725.jar:1.0.3]
	at org.eclipse.aether.connector.basic.BasicRepositoryConnector$TaskRunner.run(BasicRepositoryConnector.java:364) ~[org.apache.maven.resolver.connector.basic_1.0.3.v20170405-0725.jar:1.0.3]
	at org.eclipse.aether.util.concurrency.RunnableErrorForwarder$1.run(RunnableErrorForwarder.java:76) ~[na:na]
	at org.eclipse.aether.connector.basic.BasicRepositoryConnector$DirectExecutor.execute(BasicRepositoryConnector.java:590) ~[org.apache.maven.resolver.connector.basic_1.0.3.v20170405-0725.jar:1.0.3]
	at org.eclipse.aether.connector.basic.BasicRepositoryConnector.get(BasicRepositoryConnector.java:258) ~[org.apache.maven.resolver.connector.basic_1.0.3.v20170405-0725.jar:1.0.3]
	at org.eclipse.aether.internal.impl.DefaultArtifactResolver.performDownloads(DefaultArtifactResolver.java:529) ~[na:na]
	at org.eclipse.aether.internal.impl.DefaultArtifactResolver.resolve(DefaultArtifactResolver.java:430) ~[na:na]
	... 8 common frames omitted
Caused by: java.net.UnknownHostException: download.eclipse.org
	at java.net.InetAddress.getAllByName0(Unknown Source) ~[na:1.8.0_221]
	at java.net.InetAddress.getAllByName(Unknown Source) ~[na:1.8.0_221]
	at java.net.InetAddress.getAllByName(Unknown Source) ~[na:1.8.0_221]
	at org.apache.http.impl.conn.SystemDefaultDnsResolver.resolve(SystemDefaultDnsResolver.java:45) ~[na:na]
	at org.apache.http.impl.conn.DefaultClientConnectionOperator.resolveHostname(DefaultClientConnectionOperator.java:262) ~[na:na]
	at org.apache.http.impl.conn.DefaultClientConnectionOperator.openConnection(DefaultClientConnectionOperator.java:161) ~[na:na]
	at org.apache.http.impl.conn.ManagedClientConnectionImpl.open(ManagedClientConnectionImpl.java:328) ~[na:na]
	at org.apache.http.impl.client.DefaultRequestDirector.tryConnect(DefaultRequestDirector.java:612) ~[na:na]
	at org.apache.http.impl.client.DefaultRequestDirector.execute(DefaultRequestDirector.java:447) ~[na:na]
	at org.apache.http.impl.client.AbstractHttpClient.doExecute(AbstractHttpClient.java:884) ~[na:na]
	at org.apache.http.impl.client.CloseableHttpClient.execute(CloseableHttpClient.java:71) ~[na:na]
	at org.apache.http.impl.client.CloseableHttpClient.execute(CloseableHttpClient.java:55) ~[na:na]
	at org.apache.http.impl.client.DecompressingHttpClient.execute(DecompressingHttpClient.java:164) ~[na:na]
	at org.eclipse.aether.transport.http.HttpTransporter.execute(HttpTransporter.java:296) ~[org.apache.maven.resolver.transport.http_1.0.3.v20170405-0725.jar:1.0.3]
	at org.eclipse.aether.transport.http.HttpTransporter.implGet(HttpTransporter.java:252) ~[org.apache.maven.resolver.transport.http_1.0.3.v20170405-0725.jar:1.0.3]
	at org.eclipse.aether.spi.connector.transport.AbstractTransporter.get(AbstractTransporter.java:68) ~[org.apache.maven.resolver.spi_1.0.3.v20170405-0725.jar:1.0.3]
	at org.eclipse.aether.connector.basic.BasicRepositoryConnector$GetTaskRunner.runTask(BasicRepositoryConnector.java:456) ~[org.apache.maven.resolver.connector.basic_1.0.3.v20170405-0725.jar:1.0.3]
	at org.eclipse.aether.connector.basic.BasicRepositoryConnector$TaskRunner.run(BasicRepositoryConnector.java:359) ~[org.apache.maven.resolver.connector.basic_1.0.3.v20170405-0725.jar:1.0.3]
	... 13 common frames omitted
2019-11-13 21:01:28,259 [Worker-3] INFO  c.g.t.t.d.PublishedGradleVersions - Gradle version information cache is out-of-date. Trying to update.
2019-11-14 09:46:49,163 [Worker-1] INFO  c.g.t.t.d.PublishedGradleVersions - Gradle version information cache is up-to-date. Trying to read.
2019-11-14 09:48:02,397 [Worker-8] WARN  o.e.r.models.ModelRepository - Failed to download org.eclipse.recommenders:index::zip:0.0.0
org.eclipse.aether.resolution.ArtifactResolutionException: Could not transfer artifact org.eclipse.recommenders:index:zip:0.0.0-SNAPSHOT from/to models (http://download.eclipse.org/recommenders/models/oxygen/): download.eclipse.org
	at org.eclipse.aether.internal.impl.DefaultArtifactResolver.resolve(DefaultArtifactResolver.java:453) ~[na:na]
	at org.eclipse.aether.internal.impl.DefaultArtifactResolver.resolveArtifacts(DefaultArtifactResolver.java:255) ~[na:na]
	at org.eclipse.aether.internal.impl.DefaultArtifactResolver.resolveArtifact(DefaultArtifactResolver.java:232) ~[na:na]
	at org.eclipse.aether.internal.impl.DefaultRepositorySystem.resolveArtifact(DefaultRepositorySystem.java:303) ~[na:na]
	at org.eclipse.recommenders.models.ModelRepository.resolveInternal(ModelRepository.java:193) [org.eclipse.recommenders.models_2.5.2.v20180401-1226.jar:na]
	at org.eclipse.recommenders.models.ModelRepository.resolve(ModelRepository.java:172) [org.eclipse.recommenders.models_2.5.2.v20180401-1226.jar:na]
	at org.eclipse.recommenders.internal.models.rcp.EclipseModelRepository.resolve(EclipseModelRepository.java:168) [org.eclipse.recommenders.models.rcp_2.5.2.v20180401-1226.jar:na]
	at org.eclipse.recommenders.internal.models.rcp.DownloadModelArchiveJob.run(DownloadModelArchiveJob.java:76) [org.eclipse.recommenders.models.rcp_2.5.2.v20180401-1226.jar:na]
	at org.eclipse.core.internal.jobs.Worker.run(Worker.java:56) [org.eclipse.core.jobs_3.9.3.v20180115-1757.jar:na]
Caused by: org.eclipse.aether.transfer.ArtifactTransferException: Could not transfer artifact org.eclipse.recommenders:index:zip:0.0.0-SNAPSHOT from/to models (http://download.eclipse.org/recommenders/models/oxygen/): download.eclipse.org
	at org.eclipse.aether.connector.basic.ArtifactTransportListener.transferFailed(ArtifactTransportListener.java:52) ~[org.apache.maven.resolver.connector.basic_1.0.3.v20170405-0725.jar:1.0.3]
	at org.eclipse.aether.connector.basic.BasicRepositoryConnector$TaskRunner.run(BasicRepositoryConnector.java:364) ~[org.apache.maven.resolver.connector.basic_1.0.3.v20170405-0725.jar:1.0.3]
	at org.eclipse.aether.util.concurrency.RunnableErrorForwarder$1.run(RunnableErrorForwarder.java:76) ~[na:na]
	at org.eclipse.aether.connector.basic.BasicRepositoryConnector$DirectExecutor.execute(BasicRepositoryConnector.java:590) ~[org.apache.maven.resolver.connector.basic_1.0.3.v20170405-0725.jar:1.0.3]
	at org.eclipse.aether.connector.basic.BasicRepositoryConnector.get(BasicRepositoryConnector.java:258) ~[org.apache.maven.resolver.connector.basic_1.0.3.v20170405-0725.jar:1.0.3]
	at org.eclipse.aether.internal.impl.DefaultArtifactResolver.performDownloads(DefaultArtifactResolver.java:529) ~[na:na]
	at org.eclipse.aether.internal.impl.DefaultArtifactResolver.resolve(DefaultArtifactResolver.java:430) ~[na:na]
	... 8 common frames omitted
Caused by: java.net.UnknownHostException: download.eclipse.org
	at java.net.InetAddress.getAllByName0(Unknown Source) ~[na:1.8.0_221]
	at java.net.InetAddress.getAllByName(Unknown Source) ~[na:1.8.0_221]
	at java.net.InetAddress.getAllByName(Unknown Source) ~[na:1.8.0_221]
	at org.apache.http.impl.conn.SystemDefaultDnsResolver.resolve(SystemDefaultDnsResolver.java:45) ~[na:na]
	at org.apache.http.impl.conn.DefaultClientConnectionOperator.resolveHostname(DefaultClientConnectionOperator.java:262) ~[na:na]
	at org.apache.http.impl.conn.DefaultClientConnectionOperator.openConnection(DefaultClientConnectionOperator.java:161) ~[na:na]
	at org.apache.http.impl.conn.ManagedClientConnectionImpl.open(ManagedClientConnectionImpl.java:328) ~[na:na]
	at org.apache.http.impl.client.DefaultRequestDirector.tryConnect(DefaultRequestDirector.java:612) ~[na:na]
	at org.apache.http.impl.client.DefaultRequestDirector.execute(DefaultRequestDirector.java:447) ~[na:na]
	at org.apache.http.impl.client.AbstractHttpClient.doExecute(AbstractHttpClient.java:884) ~[na:na]
	at org.apache.http.impl.client.CloseableHttpClient.execute(CloseableHttpClient.java:71) ~[na:na]
	at org.apache.http.impl.client.CloseableHttpClient.execute(CloseableHttpClient.java:55) ~[na:na]
	at org.apache.http.impl.client.DecompressingHttpClient.execute(DecompressingHttpClient.java:164) ~[na:na]
	at org.eclipse.aether.transport.http.HttpTransporter.execute(HttpTransporter.java:296) ~[org.apache.maven.resolver.transport.http_1.0.3.v20170405-0725.jar:1.0.3]
	at org.eclipse.aether.transport.http.HttpTransporter.implGet(HttpTransporter.java:252) ~[org.apache.maven.resolver.transport.http_1.0.3.v20170405-0725.jar:1.0.3]
	at org.eclipse.aether.spi.connector.transport.AbstractTransporter.get(AbstractTransporter.java:68) ~[org.apache.maven.resolver.spi_1.0.3.v20170405-0725.jar:1.0.3]
	at org.eclipse.aether.connector.basic.BasicRepositoryConnector$GetTaskRunner.runTask(BasicRepositoryConnector.java:456) ~[org.apache.maven.resolver.connector.basic_1.0.3.v20170405-0725.jar:1.0.3]
	at org.eclipse.aether.connector.basic.BasicRepositoryConnector$TaskRunner.run(BasicRepositoryConnector.java:359) ~[org.apache.maven.resolver.connector.basic_1.0.3.v20170405-0725.jar:1.0.3]
	... 13 common frames omitted
2019-11-18 10:39:27,560 [Worker-1] INFO  c.g.t.t.d.PublishedGradleVersions - Gradle version information cache is out-of-date. Trying to update.
2019-11-18 10:39:28,678 [Worker-1] INFO  c.g.t.t.d.PublishedGradleVersions - Updating Gradle version information cache failed. Using outdated cache.
2019-11-18 11:03:38,858 [Worker-12] WARN  o.e.r.models.ModelRepository - Failed to download org.eclipse.recommenders:index::zip:0.0.0
org.eclipse.aether.resolution.ArtifactResolutionException: Could not transfer artifact org.eclipse.recommenders:index:zip:0.0.0-SNAPSHOT from/to models (http://download.eclipse.org/recommenders/models/oxygen/): download.eclipse.org
	at org.eclipse.aether.internal.impl.DefaultArtifactResolver.resolve(DefaultArtifactResolver.java:453) ~[na:na]
	at org.eclipse.aether.internal.impl.DefaultArtifactResolver.resolveArtifacts(DefaultArtifactResolver.java:255) ~[na:na]
	at org.eclipse.aether.internal.impl.DefaultArtifactResolver.resolveArtifact(DefaultArtifactResolver.java:232) ~[na:na]
	at org.eclipse.aether.internal.impl.DefaultRepositorySystem.resolveArtifact(DefaultRepositorySystem.java:303) ~[na:na]
	at org.eclipse.recommenders.models.ModelRepository.resolveInternal(ModelRepository.java:193) [org.eclipse.recommenders.models_2.5.2.v20180401-1226.jar:na]
	at org.eclipse.recommenders.models.ModelRepository.resolve(ModelRepository.java:172) [org.eclipse.recommenders.models_2.5.2.v20180401-1226.jar:na]
	at org.eclipse.recommenders.internal.models.rcp.EclipseModelRepository.resolve(EclipseModelRepository.java:168) [org.eclipse.recommenders.models.rcp_2.5.2.v20180401-1226.jar:na]
	at org.eclipse.recommenders.internal.models.rcp.DownloadModelArchiveJob.run(DownloadModelArchiveJob.java:76) [org.eclipse.recommenders.models.rcp_2.5.2.v20180401-1226.jar:na]
	at org.eclipse.core.internal.jobs.Worker.run(Worker.java:56) [org.eclipse.core.jobs_3.9.3.v20180115-1757.jar:na]
Caused by: org.eclipse.aether.transfer.ArtifactTransferException: Could not transfer artifact org.eclipse.recommenders:index:zip:0.0.0-SNAPSHOT from/to models (http://download.eclipse.org/recommenders/models/oxygen/): download.eclipse.org
	at org.eclipse.aether.connector.basic.ArtifactTransportListener.transferFailed(ArtifactTransportListener.java:52) ~[org.apache.maven.resolver.connector.basic_1.0.3.v20170405-0725.jar:1.0.3]
	at org.eclipse.aether.connector.basic.BasicRepositoryConnector$TaskRunner.run(BasicRepositoryConnector.java:364) ~[org.apache.maven.resolver.connector.basic_1.0.3.v20170405-0725.jar:1.0.3]
	at org.eclipse.aether.util.concurrency.RunnableErrorForwarder$1.run(RunnableErrorForwarder.java:76) ~[na:na]
	at org.eclipse.aether.connector.basic.BasicRepositoryConnector$DirectExecutor.execute(BasicRepositoryConnector.java:590) ~[org.apache.maven.resolver.connector.basic_1.0.3.v20170405-0725.jar:1.0.3]
	at org.eclipse.aether.connector.basic.BasicRepositoryConnector.get(BasicRepositoryConnector.java:258) ~[org.apache.maven.resolver.connector.basic_1.0.3.v20170405-0725.jar:1.0.3]
	at org.eclipse.aether.internal.impl.DefaultArtifactResolver.performDownloads(DefaultArtifactResolver.java:529) ~[na:na]
	at org.eclipse.aether.internal.impl.DefaultArtifactResolver.resolve(DefaultArtifactResolver.java:430) ~[na:na]
	... 8 common frames omitted
Caused by: java.net.UnknownHostException: download.eclipse.org
	at java.net.InetAddress.getAllByName0(Unknown Source) ~[na:1.8.0_221]
	at java.net.InetAddress.getAllByName(Unknown Source) ~[na:1.8.0_221]
	at java.net.InetAddress.getAllByName(Unknown Source) ~[na:1.8.0_221]
	at org.apache.http.impl.conn.SystemDefaultDnsResolver.resolve(SystemDefaultDnsResolver.java:45) ~[na:na]
	at org.apache.http.impl.conn.DefaultClientConnectionOperator.resolveHostname(DefaultClientConnectionOperator.java:262) ~[na:na]
	at org.apache.http.impl.conn.DefaultClientConnectionOperator.openConnection(DefaultClientConnectionOperator.java:161) ~[na:na]
	at org.apache.http.impl.conn.ManagedClientConnectionImpl.open(ManagedClientConnectionImpl.java:328) ~[na:na]
	at org.apache.http.impl.client.DefaultRequestDirector.tryConnect(DefaultRequestDirector.java:612) ~[na:na]
	at org.apache.http.impl.client.DefaultRequestDirector.execute(DefaultRequestDirector.java:447) ~[na:na]
	at org.apache.http.impl.client.AbstractHttpClient.doExecute(AbstractHttpClient.java:884) ~[na:na]
	at org.apache.http.impl.client.CloseableHttpClient.execute(CloseableHttpClient.java:71) ~[na:na]
	at org.apache.http.impl.client.CloseableHttpClient.execute(CloseableHttpClient.java:55) ~[na:na]
	at org.apache.http.impl.client.DecompressingHttpClient.execute(DecompressingHttpClient.java:164) ~[na:na]
	at org.eclipse.aether.transport.http.HttpTransporter.execute(HttpTransporter.java:296) ~[org.apache.maven.resolver.transport.http_1.0.3.v20170405-0725.jar:1.0.3]
	at org.eclipse.aether.transport.http.HttpTransporter.implGet(HttpTransporter.java:252) ~[org.apache.maven.resolver.transport.http_1.0.3.v20170405-0725.jar:1.0.3]
	at org.eclipse.aether.spi.connector.transport.AbstractTransporter.get(AbstractTransporter.java:68) ~[org.apache.maven.resolver.spi_1.0.3.v20170405-0725.jar:1.0.3]
	at org.eclipse.aether.connector.basic.BasicRepositoryConnector$GetTaskRunner.runTask(BasicRepositoryConnector.java:456) ~[org.apache.maven.resolver.connector.basic_1.0.3.v20170405-0725.jar:1.0.3]
	at org.eclipse.aether.connector.basic.BasicRepositoryConnector$TaskRunner.run(BasicRepositoryConnector.java:359) ~[org.apache.maven.resolver.connector.basic_1.0.3.v20170405-0725.jar:1.0.3]
	... 13 common frames omitted
2019-11-23 08:02:48,408 [Worker-5] INFO  c.g.t.t.d.PublishedGradleVersions - Gradle version information cache is out-of-date. Trying to update.
2019-11-25 10:36:20,959 [Worker-151] WARN  o.e.r.models.ModelRepository - Failed to download org.eclipse.recommenders:index::zip:0.0.0
org.eclipse.aether.resolution.ArtifactResolutionException: Could not transfer artifact org.eclipse.recommenders:index:zip:0.0.0-SNAPSHOT from/to models (http://download.eclipse.org/recommenders/models/oxygen/): download.eclipse.org
	at org.eclipse.aether.internal.impl.DefaultArtifactResolver.resolve(DefaultArtifactResolver.java:453) ~[na:na]
	at org.eclipse.aether.internal.impl.DefaultArtifactResolver.resolveArtifacts(DefaultArtifactResolver.java:255) ~[na:na]
	at org.eclipse.aether.internal.impl.DefaultArtifactResolver.resolveArtifact(DefaultArtifactResolver.java:232) ~[na:na]
	at org.eclipse.aether.internal.impl.DefaultRepositorySystem.resolveArtifact(DefaultRepositorySystem.java:303) ~[na:na]
	at org.eclipse.recommenders.models.ModelRepository.resolveInternal(ModelRepository.java:193) [org.eclipse.recommenders.models_2.5.2.v20180401-1226.jar:na]
	at org.eclipse.recommenders.models.ModelRepository.resolve(ModelRepository.java:172) [org.eclipse.recommenders.models_2.5.2.v20180401-1226.jar:na]
	at org.eclipse.recommenders.internal.models.rcp.EclipseModelRepository.resolve(EclipseModelRepository.java:168) [org.eclipse.recommenders.models.rcp_2.5.2.v20180401-1226.jar:na]
	at org.eclipse.recommenders.internal.models.rcp.DownloadModelArchiveJob.run(DownloadModelArchiveJob.java:76) [org.eclipse.recommenders.models.rcp_2.5.2.v20180401-1226.jar:na]
	at org.eclipse.core.internal.jobs.Worker.run(Worker.java:56) [org.eclipse.core.jobs_3.9.3.v20180115-1757.jar:na]
Caused by: org.eclipse.aether.transfer.ArtifactTransferException: Could not transfer artifact org.eclipse.recommenders:index:zip:0.0.0-SNAPSHOT from/to models (http://download.eclipse.org/recommenders/models/oxygen/): download.eclipse.org
	at org.eclipse.aether.connector.basic.ArtifactTransportListener.transferFailed(ArtifactTransportListener.java:52) ~[org.apache.maven.resolver.connector.basic_1.0.3.v20170405-0725.jar:1.0.3]
	at org.eclipse.aether.connector.basic.BasicRepositoryConnector$TaskRunner.run(BasicRepositoryConnector.java:364) ~[org.apache.maven.resolver.connector.basic_1.0.3.v20170405-0725.jar:1.0.3]
	at org.eclipse.aether.util.concurrency.RunnableErrorForwarder$1.run(RunnableErrorForwarder.java:76) ~[na:na]
	at org.eclipse.aether.connector.basic.BasicRepositoryConnector$DirectExecutor.execute(BasicRepositoryConnector.java:590) ~[org.apache.maven.resolver.connector.basic_1.0.3.v20170405-0725.jar:1.0.3]
	at org.eclipse.aether.connector.basic.BasicRepositoryConnector.get(BasicRepositoryConnector.java:258) ~[org.apache.maven.resolver.connector.basic_1.0.3.v20170405-0725.jar:1.0.3]
	at org.eclipse.aether.internal.impl.DefaultArtifactResolver.performDownloads(DefaultArtifactResolver.java:529) ~[na:na]
	at org.eclipse.aether.internal.impl.DefaultArtifactResolver.resolve(DefaultArtifactResolver.java:430) ~[na:na]
	... 8 common frames omitted
Caused by: java.net.UnknownHostException: download.eclipse.org
	at java.net.InetAddress.getAllByName0(Unknown Source) ~[na:1.8.0_221]
	at java.net.InetAddress.getAllByName(Unknown Source) ~[na:1.8.0_221]
	at java.net.InetAddress.getAllByName(Unknown Source) ~[na:1.8.0_221]
	at org.apache.http.impl.conn.SystemDefaultDnsResolver.resolve(SystemDefaultDnsResolver.java:45) ~[na:na]
	at org.apache.http.impl.conn.DefaultClientConnectionOperator.resolveHostname(DefaultClientConnectionOperator.java:262) ~[na:na]
	at org.apache.http.impl.conn.DefaultClientConnectionOperator.openConnection(DefaultClientConnectionOperator.java:161) ~[na:na]
	at org.apache.http.impl.conn.ManagedClientConnectionImpl.open(ManagedClientConnectionImpl.java:328) ~[na:na]
	at org.apache.http.impl.client.DefaultRequestDirector.tryConnect(DefaultRequestDirector.java:612) ~[na:na]
	at org.apache.http.impl.client.DefaultRequestDirector.execute(DefaultRequestDirector.java:447) ~[na:na]
	at org.apache.http.impl.client.AbstractHttpClient.doExecute(AbstractHttpClient.java:884) ~[na:na]
	at org.apache.http.impl.client.CloseableHttpClient.execute(CloseableHttpClient.java:71) ~[na:na]
	at org.apache.http.impl.client.CloseableHttpClient.execute(CloseableHttpClient.java:55) ~[na:na]
	at org.apache.http.impl.client.DecompressingHttpClient.execute(DecompressingHttpClient.java:164) ~[na:na]
	at org.eclipse.aether.transport.http.HttpTransporter.execute(HttpTransporter.java:296) ~[org.apache.maven.resolver.transport.http_1.0.3.v20170405-0725.jar:1.0.3]
	at org.eclipse.aether.transport.http.HttpTransporter.implGet(HttpTransporter.java:252) ~[org.apache.maven.resolver.transport.http_1.0.3.v20170405-0725.jar:1.0.3]
	at org.eclipse.aether.spi.connector.transport.AbstractTransporter.get(AbstractTransporter.java:68) ~[org.apache.maven.resolver.spi_1.0.3.v20170405-0725.jar:1.0.3]
	at org.eclipse.aether.connector.basic.BasicRepositoryConnector$GetTaskRunner.runTask(BasicRepositoryConnector.java:456) ~[org.apache.maven.resolver.connector.basic_1.0.3.v20170405-0725.jar:1.0.3]
	at org.eclipse.aether.connector.basic.BasicRepositoryConnector$TaskRunner.run(BasicRepositoryConnector.java:359) ~[org.apache.maven.resolver.connector.basic_1.0.3.v20170405-0725.jar:1.0.3]
	... 13 common frames omitted
2019-11-25 23:05:57,309 [Worker-4] INFO  c.g.t.t.d.PublishedGradleVersions - Gradle version information cache is out-of-date. Trying to update.
2019-11-26 08:09:22,637 [Worker-18] WARN  o.e.r.models.ModelRepository - Failed to download org.eclipse.recommenders:index::zip:0.0.0
org.eclipse.aether.resolution.ArtifactResolutionException: Could not find artifact org.eclipse.recommenders:index:zip:0.0.0-SNAPSHOT in models (http://download.eclipse.org/recommenders/models/oxygen/)
	at org.eclipse.aether.internal.impl.DefaultArtifactResolver.resolve(DefaultArtifactResolver.java:453) ~[na:na]
	at org.eclipse.aether.internal.impl.DefaultArtifactResolver.resolveArtifacts(DefaultArtifactResolver.java:255) ~[na:na]
	at org.eclipse.aether.internal.impl.DefaultArtifactResolver.resolveArtifact(DefaultArtifactResolver.java:232) ~[na:na]
	at org.eclipse.aether.internal.impl.DefaultRepositorySystem.resolveArtifact(DefaultRepositorySystem.java:303) ~[na:na]
	at org.eclipse.recommenders.models.ModelRepository.resolveInternal(ModelRepository.java:193) [org.eclipse.recommenders.models_2.5.2.v20180401-1226.jar:na]
	at org.eclipse.recommenders.models.ModelRepository.resolve(ModelRepository.java:172) [org.eclipse.recommenders.models_2.5.2.v20180401-1226.jar:na]
	at org.eclipse.recommenders.internal.models.rcp.EclipseModelRepository.resolve(EclipseModelRepository.java:168) [org.eclipse.recommenders.models.rcp_2.5.2.v20180401-1226.jar:na]
	at org.eclipse.recommenders.internal.models.rcp.DownloadModelArchiveJob.run(DownloadModelArchiveJob.java:76) [org.eclipse.recommenders.models.rcp_2.5.2.v20180401-1226.jar:na]
	at org.eclipse.core.internal.jobs.Worker.run(Worker.java:56) [org.eclipse.core.jobs_3.9.3.v20180115-1757.jar:na]
Caused by: org.eclipse.aether.transfer.ArtifactNotFoundException: Could not find artifact org.eclipse.recommenders:index:zip:0.0.0-SNAPSHOT in models (http://download.eclipse.org/recommenders/models/oxygen/)
	at org.eclipse.aether.connector.basic.ArtifactTransportListener.transferFailed(ArtifactTransportListener.java:48) ~[org.apache.maven.resolver.connector.basic_1.0.3.v20170405-0725.jar:1.0.3]
	at org.eclipse.aether.connector.basic.BasicRepositoryConnector$TaskRunner.run(BasicRepositoryConnector.java:364) ~[org.apache.maven.resolver.connector.basic_1.0.3.v20170405-0725.jar:1.0.3]
	at org.eclipse.aether.util.concurrency.RunnableErrorForwarder$1.run(RunnableErrorForwarder.java:76) ~[na:na]
	at org.eclipse.aether.connector.basic.BasicRepositoryConnector$DirectExecutor.execute(BasicRepositoryConnector.java:590) ~[org.apache.maven.resolver.connector.basic_1.0.3.v20170405-0725.jar:1.0.3]
	at org.eclipse.aether.connector.basic.BasicRepositoryConnector.get(BasicRepositoryConnector.java:258) ~[org.apache.maven.resolver.connector.basic_1.0.3.v20170405-0725.jar:1.0.3]
	at org.eclipse.aether.internal.impl.DefaultArtifactResolver.performDownloads(DefaultArtifactResolver.java:529) ~[na:na]
	at org.eclipse.aether.internal.impl.DefaultArtifactResolver.resolve(DefaultArtifactResolver.java:430) ~[na:na]
	... 8 common frames omitted
2019-11-26 10:51:23,551 [Worker-1] INFO  c.g.t.t.d.PublishedGradleVersions - Gradle version information cache is up-to-date. Trying to read.
2019-11-26 10:57:56,448 [Worker-7] WARN  o.e.r.models.ModelRepository - Failed to download org.eclipse.recommenders:index::zip:0.0.0
org.eclipse.aether.resolution.ArtifactResolutionException: Could not transfer artifact org.eclipse.recommenders:index:zip:0.0.0-SNAPSHOT from/to models (http://download.eclipse.org/recommenders/models/oxygen/): download.eclipse.org
	at org.eclipse.aether.internal.impl.DefaultArtifactResolver.resolve(DefaultArtifactResolver.java:453) ~[na:na]
	at org.eclipse.aether.internal.impl.DefaultArtifactResolver.resolveArtifacts(DefaultArtifactResolver.java:255) ~[na:na]
	at org.eclipse.aether.internal.impl.DefaultArtifactResolver.resolveArtifact(DefaultArtifactResolver.java:232) ~[na:na]
	at org.eclipse.aether.internal.impl.DefaultRepositorySystem.resolveArtifact(DefaultRepositorySystem.java:303) ~[na:na]
	at org.eclipse.recommenders.models.ModelRepository.resolveInternal(ModelRepository.java:193) [org.eclipse.recommenders.models_2.5.2.v20180401-1226.jar:na]
	at org.eclipse.recommenders.models.ModelRepository.resolve(ModelRepository.java:172) [org.eclipse.recommenders.models_2.5.2.v20180401-1226.jar:na]
	at org.eclipse.recommenders.internal.models.rcp.EclipseModelRepository.resolve(EclipseModelRepository.java:168) [org.eclipse.recommenders.models.rcp_2.5.2.v20180401-1226.jar:na]
	at org.eclipse.recommenders.internal.models.rcp.DownloadModelArchiveJob.run(DownloadModelArchiveJob.java:76) [org.eclipse.recommenders.models.rcp_2.5.2.v20180401-1226.jar:na]
	at org.eclipse.core.internal.jobs.Worker.run(Worker.java:56) [org.eclipse.core.jobs_3.9.3.v20180115-1757.jar:na]
Caused by: org.eclipse.aether.transfer.ArtifactTransferException: Could not transfer artifact org.eclipse.recommenders:index:zip:0.0.0-SNAPSHOT from/to models (http://download.eclipse.org/recommenders/models/oxygen/): download.eclipse.org
	at org.eclipse.aether.connector.basic.ArtifactTransportListener.transferFailed(ArtifactTransportListener.java:52) ~[org.apache.maven.resolver.connector.basic_1.0.3.v20170405-0725.jar:1.0.3]
	at org.eclipse.aether.connector.basic.BasicRepositoryConnector$TaskRunner.run(BasicRepositoryConnector.java:364) ~[org.apache.maven.resolver.connector.basic_1.0.3.v20170405-0725.jar:1.0.3]
	at org.eclipse.aether.util.concurrency.RunnableErrorForwarder$1.run(RunnableErrorForwarder.java:76) ~[na:na]
	at org.eclipse.aether.connector.basic.BasicRepositoryConnector$DirectExecutor.execute(BasicRepositoryConnector.java:590) ~[org.apache.maven.resolver.connector.basic_1.0.3.v20170405-0725.jar:1.0.3]
	at org.eclipse.aether.connector.basic.BasicRepositoryConnector.get(BasicRepositoryConnector.java:258) ~[org.apache.maven.resolver.connector.basic_1.0.3.v20170405-0725.jar:1.0.3]
	at org.eclipse.aether.internal.impl.DefaultArtifactResolver.performDownloads(DefaultArtifactResolver.java:529) ~[na:na]
	at org.eclipse.aether.internal.impl.DefaultArtifactResolver.resolve(DefaultArtifactResolver.java:430) ~[na:na]
	... 8 common frames omitted
Caused by: java.net.UnknownHostException: download.eclipse.org
	at java.net.InetAddress.getAllByName0(Unknown Source) ~[na:1.8.0_221]
	at java.net.InetAddress.getAllByName(Unknown Source) ~[na:1.8.0_221]
	at java.net.InetAddress.getAllByName(Unknown Source) ~[na:1.8.0_221]
	at org.apache.http.impl.conn.SystemDefaultDnsResolver.resolve(SystemDefaultDnsResolver.java:45) ~[na:na]
	at org.apache.http.impl.conn.DefaultClientConnectionOperator.resolveHostname(DefaultClientConnectionOperator.java:262) ~[na:na]
	at org.apache.http.impl.conn.DefaultClientConnectionOperator.openConnection(DefaultClientConnectionOperator.java:161) ~[na:na]
	at org.apache.http.impl.conn.ManagedClientConnectionImpl.open(ManagedClientConnectionImpl.java:328) ~[na:na]
	at org.apache.http.impl.client.DefaultRequestDirector.tryConnect(DefaultRequestDirector.java:612) ~[na:na]
	at org.apache.http.impl.client.DefaultRequestDirector.execute(DefaultRequestDirector.java:447) ~[na:na]
	at org.apache.http.impl.client.AbstractHttpClient.doExecute(AbstractHttpClient.java:884) ~[na:na]
	at org.apache.http.impl.client.CloseableHttpClient.execute(CloseableHttpClient.java:71) ~[na:na]
	at org.apache.http.impl.client.CloseableHttpClient.execute(CloseableHttpClient.java:55) ~[na:na]
	at org.apache.http.impl.client.DecompressingHttpClient.execute(DecompressingHttpClient.java:164) ~[na:na]
	at org.eclipse.aether.transport.http.HttpTransporter.execute(HttpTransporter.java:296) ~[org.apache.maven.resolver.transport.http_1.0.3.v20170405-0725.jar:1.0.3]
	at org.eclipse.aether.transport.http.HttpTransporter.implGet(HttpTransporter.java:252) ~[org.apache.maven.resolver.transport.http_1.0.3.v20170405-0725.jar:1.0.3]
	at org.eclipse.aether.spi.connector.transport.AbstractTransporter.get(AbstractTransporter.java:68) ~[org.apache.maven.resolver.spi_1.0.3.v20170405-0725.jar:1.0.3]
	at org.eclipse.aether.connector.basic.BasicRepositoryConnector$GetTaskRunner.runTask(BasicRepositoryConnector.java:456) ~[org.apache.maven.resolver.connector.basic_1.0.3.v20170405-0725.jar:1.0.3]
	at org.eclipse.aether.connector.basic.BasicRepositoryConnector$TaskRunner.run(BasicRepositoryConnector.java:359) ~[org.apache.maven.resolver.connector.basic_1.0.3.v20170405-0725.jar:1.0.3]
	... 13 common frames omitted
2019-11-27 10:53:12,510 [Worker-3] INFO  c.g.t.t.d.PublishedGradleVersions - Gradle version information cache is out-of-date. Trying to update.
2019-11-27 10:53:12,826 [Worker-3] INFO  c.g.t.t.d.PublishedGradleVersions - Updating Gradle version information cache failed. Using outdated cache.
2019-11-27 10:58:00,337 [Worker-10] WARN  o.e.r.models.ModelRepository - Failed to download org.eclipse.recommenders:index::zip:0.0.0
org.eclipse.aether.resolution.ArtifactResolutionException: Could not transfer artifact org.eclipse.recommenders:index:zip:0.0.0-SNAPSHOT from/to models (http://download.eclipse.org/recommenders/models/oxygen/): download.eclipse.org
	at org.eclipse.aether.internal.impl.DefaultArtifactResolver.resolve(DefaultArtifactResolver.java:453) ~[na:na]
	at org.eclipse.aether.internal.impl.DefaultArtifactResolver.resolveArtifacts(DefaultArtifactResolver.java:255) ~[na:na]
	at org.eclipse.aether.internal.impl.DefaultArtifactResolver.resolveArtifact(DefaultArtifactResolver.java:232) ~[na:na]
	at org.eclipse.aether.internal.impl.DefaultRepositorySystem.resolveArtifact(DefaultRepositorySystem.java:303) ~[na:na]
	at org.eclipse.recommenders.models.ModelRepository.resolveInternal(ModelRepository.java:193) [org.eclipse.recommenders.models_2.5.2.v20180401-1226.jar:na]
	at org.eclipse.recommenders.models.ModelRepository.resolve(ModelRepository.java:172) [org.eclipse.recommenders.models_2.5.2.v20180401-1226.jar:na]
	at org.eclipse.recommenders.internal.models.rcp.EclipseModelRepository.resolve(EclipseModelRepository.java:168) [org.eclipse.recommenders.models.rcp_2.5.2.v20180401-1226.jar:na]
	at org.eclipse.recommenders.internal.models.rcp.DownloadModelArchiveJob.run(DownloadModelArchiveJob.java:76) [org.eclipse.recommenders.models.rcp_2.5.2.v20180401-1226.jar:na]
	at org.eclipse.core.internal.jobs.Worker.run(Worker.java:56) [org.eclipse.core.jobs_3.9.3.v20180115-1757.jar:na]
Caused by: org.eclipse.aether.transfer.ArtifactTransferException: Could not transfer artifact org.eclipse.recommenders:index:zip:0.0.0-SNAPSHOT from/to models (http://download.eclipse.org/recommenders/models/oxygen/): download.eclipse.org
	at org.eclipse.aether.connector.basic.ArtifactTransportListener.transferFailed(ArtifactTransportListener.java:52) ~[org.apache.maven.resolver.connector.basic_1.0.3.v20170405-0725.jar:1.0.3]
	at org.eclipse.aether.connector.basic.BasicRepositoryConnector$TaskRunner.run(BasicRepositoryConnector.java:364) ~[org.apache.maven.resolver.connector.basic_1.0.3.v20170405-0725.jar:1.0.3]
	at org.eclipse.aether.util.concurrency.RunnableErrorForwarder$1.run(RunnableErrorForwarder.java:76) ~[na:na]
	at org.eclipse.aether.connector.basic.BasicRepositoryConnector$DirectExecutor.execute(BasicRepositoryConnector.java:590) ~[org.apache.maven.resolver.connector.basic_1.0.3.v20170405-0725.jar:1.0.3]
	at org.eclipse.aether.connector.basic.BasicRepositoryConnector.get(BasicRepositoryConnector.java:258) ~[org.apache.maven.resolver.connector.basic_1.0.3.v20170405-0725.jar:1.0.3]
	at org.eclipse.aether.internal.impl.DefaultArtifactResolver.performDownloads(DefaultArtifactResolver.java:529) ~[na:na]
	at org.eclipse.aether.internal.impl.DefaultArtifactResolver.resolve(DefaultArtifactResolver.java:430) ~[na:na]
	... 8 common frames omitted
Caused by: java.net.UnknownHostException: download.eclipse.org
	at java.net.InetAddress.getAllByName0(Unknown Source) ~[na:1.8.0_221]
	at java.net.InetAddress.getAllByName(Unknown Source) ~[na:1.8.0_221]
	at java.net.InetAddress.getAllByName(Unknown Source) ~[na:1.8.0_221]
	at org.apache.http.impl.conn.SystemDefaultDnsResolver.resolve(SystemDefaultDnsResolver.java:45) ~[na:na]
	at org.apache.http.impl.conn.DefaultClientConnectionOperator.resolveHostname(DefaultClientConnectionOperator.java:262) ~[na:na]
	at org.apache.http.impl.conn.DefaultClientConnectionOperator.openConnection(DefaultClientConnectionOperator.java:161) ~[na:na]
	at org.apache.http.impl.conn.ManagedClientConnectionImpl.open(ManagedClientConnectionImpl.java:328) ~[na:na]
	at org.apache.http.impl.client.DefaultRequestDirector.tryConnect(DefaultRequestDirector.java:612) ~[na:na]
	at org.apache.http.impl.client.DefaultRequestDirector.execute(DefaultRequestDirector.java:447) ~[na:na]
	at org.apache.http.impl.client.AbstractHttpClient.doExecute(AbstractHttpClient.java:884) ~[na:na]
	at org.apache.http.impl.client.CloseableHttpClient.execute(CloseableHttpClient.java:71) ~[na:na]
	at org.apache.http.impl.client.CloseableHttpClient.execute(CloseableHttpClient.java:55) ~[na:na]
	at org.apache.http.impl.client.DecompressingHttpClient.execute(DecompressingHttpClient.java:164) ~[na:na]
	at org.eclipse.aether.transport.http.HttpTransporter.execute(HttpTransporter.java:296) ~[org.apache.maven.resolver.transport.http_1.0.3.v20170405-0725.jar:1.0.3]
	at org.eclipse.aether.transport.http.HttpTransporter.implGet(HttpTransporter.java:252) ~[org.apache.maven.resolver.transport.http_1.0.3.v20170405-0725.jar:1.0.3]
	at org.eclipse.aether.spi.connector.transport.AbstractTransporter.get(AbstractTransporter.java:68) ~[org.apache.maven.resolver.spi_1.0.3.v20170405-0725.jar:1.0.3]
	at org.eclipse.aether.connector.basic.BasicRepositoryConnector$GetTaskRunner.runTask(BasicRepositoryConnector.java:456) ~[org.apache.maven.resolver.connector.basic_1.0.3.v20170405-0725.jar:1.0.3]
	at org.eclipse.aether.connector.basic.BasicRepositoryConnector$TaskRunner.run(BasicRepositoryConnector.java:359) ~[org.apache.maven.resolver.connector.basic_1.0.3.v20170405-0725.jar:1.0.3]
	... 13 common frames omitted
2019-11-28 08:11:32,560 [Worker-3] INFO  c.g.t.t.d.PublishedGradleVersions - Gradle version information cache is out-of-date. Trying to update.
2019-11-28 10:54:51,261 [Worker-16] WARN  o.e.r.models.ModelRepository - Failed to download org.eclipse.recommenders:index::zip:0.0.0
org.eclipse.aether.resolution.ArtifactResolutionException: Could not transfer artifact org.eclipse.recommenders:index:zip:0.0.0-SNAPSHOT from/to models (http://download.eclipse.org/recommenders/models/oxygen/): download.eclipse.org
	at org.eclipse.aether.internal.impl.DefaultArtifactResolver.resolve(DefaultArtifactResolver.java:453) ~[na:na]
	at org.eclipse.aether.internal.impl.DefaultArtifactResolver.resolveArtifacts(DefaultArtifactResolver.java:255) ~[na:na]
	at org.eclipse.aether.internal.impl.DefaultArtifactResolver.resolveArtifact(DefaultArtifactResolver.java:232) ~[na:na]
	at org.eclipse.aether.internal.impl.DefaultRepositorySystem.resolveArtifact(DefaultRepositorySystem.java:303) ~[na:na]
	at org.eclipse.recommenders.models.ModelRepository.resolveInternal(ModelRepository.java:193) [org.eclipse.recommenders.models_2.5.2.v20180401-1226.jar:na]
	at org.eclipse.recommenders.models.ModelRepository.resolve(ModelRepository.java:172) [org.eclipse.recommenders.models_2.5.2.v20180401-1226.jar:na]
	at org.eclipse.recommenders.internal.models.rcp.EclipseModelRepository.resolve(EclipseModelRepository.java:168) [org.eclipse.recommenders.models.rcp_2.5.2.v20180401-1226.jar:na]
	at org.eclipse.recommenders.internal.models.rcp.DownloadModelArchiveJob.run(DownloadModelArchiveJob.java:76) [org.eclipse.recommenders.models.rcp_2.5.2.v20180401-1226.jar:na]
	at org.eclipse.core.internal.jobs.Worker.run(Worker.java:56) [org.eclipse.core.jobs_3.9.3.v20180115-1757.jar:na]
Caused by: org.eclipse.aether.transfer.ArtifactTransferException: Could not transfer artifact org.eclipse.recommenders:index:zip:0.0.0-SNAPSHOT from/to models (http://download.eclipse.org/recommenders/models/oxygen/): download.eclipse.org
	at org.eclipse.aether.connector.basic.ArtifactTransportListener.transferFailed(ArtifactTransportListener.java:52) ~[org.apache.maven.resolver.connector.basic_1.0.3.v20170405-0725.jar:1.0.3]
	at org.eclipse.aether.connector.basic.BasicRepositoryConnector$TaskRunner.run(BasicRepositoryConnector.java:364) ~[org.apache.maven.resolver.connector.basic_1.0.3.v20170405-0725.jar:1.0.3]
	at org.eclipse.aether.util.concurrency.RunnableErrorForwarder$1.run(RunnableErrorForwarder.java:76) ~[na:na]
	at org.eclipse.aether.connector.basic.BasicRepositoryConnector$DirectExecutor.execute(BasicRepositoryConnector.java:590) ~[org.apache.maven.resolver.connector.basic_1.0.3.v20170405-0725.jar:1.0.3]
	at org.eclipse.aether.connector.basic.BasicRepositoryConnector.get(BasicRepositoryConnector.java:258) ~[org.apache.maven.resolver.connector.basic_1.0.3.v20170405-0725.jar:1.0.3]
	at org.eclipse.aether.internal.impl.DefaultArtifactResolver.performDownloads(DefaultArtifactResolver.java:529) ~[na:na]
	at org.eclipse.aether.internal.impl.DefaultArtifactResolver.resolve(DefaultArtifactResolver.java:430) ~[na:na]
	... 8 common frames omitted
Caused by: java.net.UnknownHostException: download.eclipse.org
	at java.net.InetAddress.getAllByName0(Unknown Source) ~[na:1.8.0_221]
	at java.net.InetAddress.getAllByName(Unknown Source) ~[na:1.8.0_221]
	at java.net.InetAddress.getAllByName(Unknown Source) ~[na:1.8.0_221]
	at org.apache.http.impl.conn.SystemDefaultDnsResolver.resolve(SystemDefaultDnsResolver.java:45) ~[na:na]
	at org.apache.http.impl.conn.DefaultClientConnectionOperator.resolveHostname(DefaultClientConnectionOperator.java:262) ~[na:na]
	at org.apache.http.impl.conn.DefaultClientConnectionOperator.openConnection(DefaultClientConnectionOperator.java:161) ~[na:na]
	at org.apache.http.impl.conn.ManagedClientConnectionImpl.open(ManagedClientConnectionImpl.java:328) ~[na:na]
	at org.apache.http.impl.client.DefaultRequestDirector.tryConnect(DefaultRequestDirector.java:612) ~[na:na]
	at org.apache.http.impl.client.DefaultRequestDirector.execute(DefaultRequestDirector.java:447) ~[na:na]
	at org.apache.http.impl.client.AbstractHttpClient.doExecute(AbstractHttpClient.java:884) ~[na:na]
	at org.apache.http.impl.client.CloseableHttpClient.execute(CloseableHttpClient.java:71) ~[na:na]
	at org.apache.http.impl.client.CloseableHttpClient.execute(CloseableHttpClient.java:55) ~[na:na]
	at org.apache.http.impl.client.DecompressingHttpClient.execute(DecompressingHttpClient.java:164) ~[na:na]
	at org.eclipse.aether.transport.http.HttpTransporter.execute(HttpTransporter.java:296) ~[org.apache.maven.resolver.transport.http_1.0.3.v20170405-0725.jar:1.0.3]
	at org.eclipse.aether.transport.http.HttpTransporter.implGet(HttpTransporter.java:252) ~[org.apache.maven.resolver.transport.http_1.0.3.v20170405-0725.jar:1.0.3]
	at org.eclipse.aether.spi.connector.transport.AbstractTransporter.get(AbstractTransporter.java:68) ~[org.apache.maven.resolver.spi_1.0.3.v20170405-0725.jar:1.0.3]
	at org.eclipse.aether.connector.basic.BasicRepositoryConnector$GetTaskRunner.runTask(BasicRepositoryConnector.java:456) ~[org.apache.maven.resolver.connector.basic_1.0.3.v20170405-0725.jar:1.0.3]
	at org.eclipse.aether.connector.basic.BasicRepositoryConnector$TaskRunner.run(BasicRepositoryConnector.java:359) ~[org.apache.maven.resolver.connector.basic_1.0.3.v20170405-0725.jar:1.0.3]
	... 13 common frames omitted
2019-11-28 12:38:55,086 [Worker-4] INFO  c.g.t.t.d.PublishedGradleVersions - Gradle version information cache is up-to-date. Trying to read.
2019-11-28 12:55:14,692 [Worker-11] WARN  o.e.r.models.ModelRepository - Failed to download org.eclipse.recommenders:index::zip:0.0.0
org.eclipse.aether.resolution.ArtifactResolutionException: Could not transfer artifact org.eclipse.recommenders:index:zip:0.0.0-SNAPSHOT from/to models (http://download.eclipse.org/recommenders/models/oxygen/): download.eclipse.org
	at org.eclipse.aether.internal.impl.DefaultArtifactResolver.resolve(DefaultArtifactResolver.java:453) ~[na:na]
	at org.eclipse.aether.internal.impl.DefaultArtifactResolver.resolveArtifacts(DefaultArtifactResolver.java:255) ~[na:na]
	at org.eclipse.aether.internal.impl.DefaultArtifactResolver.resolveArtifact(DefaultArtifactResolver.java:232) ~[na:na]
	at org.eclipse.aether.internal.impl.DefaultRepositorySystem.resolveArtifact(DefaultRepositorySystem.java:303) ~[na:na]
	at org.eclipse.recommenders.models.ModelRepository.resolveInternal(ModelRepository.java:193) [org.eclipse.recommenders.models_2.5.2.v20180401-1226.jar:na]
	at org.eclipse.recommenders.models.ModelRepository.resolve(ModelRepository.java:172) [org.eclipse.recommenders.models_2.5.2.v20180401-1226.jar:na]
	at org.eclipse.recommenders.internal.models.rcp.EclipseModelRepository.resolve(EclipseModelRepository.java:168) [org.eclipse.recommenders.models.rcp_2.5.2.v20180401-1226.jar:na]
	at org.eclipse.recommenders.internal.models.rcp.DownloadModelArchiveJob.run(DownloadModelArchiveJob.java:76) [org.eclipse.recommenders.models.rcp_2.5.2.v20180401-1226.jar:na]
	at org.eclipse.core.internal.jobs.Worker.run(Worker.java:56) [org.eclipse.core.jobs_3.9.3.v20180115-1757.jar:na]
Caused by: org.eclipse.aether.transfer.ArtifactTransferException: Could not transfer artifact org.eclipse.recommenders:index:zip:0.0.0-SNAPSHOT from/to models (http://download.eclipse.org/recommenders/models/oxygen/): download.eclipse.org
	at org.eclipse.aether.connector.basic.ArtifactTransportListener.transferFailed(ArtifactTransportListener.java:52) ~[org.apache.maven.resolver.connector.basic_1.0.3.v20170405-0725.jar:1.0.3]
	at org.eclipse.aether.connector.basic.BasicRepositoryConnector$TaskRunner.run(BasicRepositoryConnector.java:364) ~[org.apache.maven.resolver.connector.basic_1.0.3.v20170405-0725.jar:1.0.3]
	at org.eclipse.aether.util.concurrency.RunnableErrorForwarder$1.run(RunnableErrorForwarder.java:76) ~[na:na]
	at org.eclipse.aether.connector.basic.BasicRepositoryConnector$DirectExecutor.execute(BasicRepositoryConnector.java:590) ~[org.apache.maven.resolver.connector.basic_1.0.3.v20170405-0725.jar:1.0.3]
	at org.eclipse.aether.connector.basic.BasicRepositoryConnector.get(BasicRepositoryConnector.java:258) ~[org.apache.maven.resolver.connector.basic_1.0.3.v20170405-0725.jar:1.0.3]
	at org.eclipse.aether.internal.impl.DefaultArtifactResolver.performDownloads(DefaultArtifactResolver.java:529) ~[na:na]
	at org.eclipse.aether.internal.impl.DefaultArtifactResolver.resolve(DefaultArtifactResolver.java:430) ~[na:na]
	... 8 common frames omitted
Caused by: java.net.UnknownHostException: download.eclipse.org
	at java.net.InetAddress.getAllByName0(Unknown Source) ~[na:1.8.0_221]
	at java.net.InetAddress.getAllByName(Unknown Source) ~[na:1.8.0_221]
	at java.net.InetAddress.getAllByName(Unknown Source) ~[na:1.8.0_221]
	at org.apache.http.impl.conn.SystemDefaultDnsResolver.resolve(SystemDefaultDnsResolver.java:45) ~[na:na]
	at org.apache.http.impl.conn.DefaultClientConnectionOperator.resolveHostname(DefaultClientConnectionOperator.java:262) ~[na:na]
	at org.apache.http.impl.conn.DefaultClientConnectionOperator.openConnection(DefaultClientConnectionOperator.java:161) ~[na:na]
	at org.apache.http.impl.conn.ManagedClientConnectionImpl.open(ManagedClientConnectionImpl.java:328) ~[na:na]
	at org.apache.http.impl.client.DefaultRequestDirector.tryConnect(DefaultRequestDirector.java:612) ~[na:na]
	at org.apache.http.impl.client.DefaultRequestDirector.execute(DefaultRequestDirector.java:447) ~[na:na]
	at org.apache.http.impl.client.AbstractHttpClient.doExecute(AbstractHttpClient.java:884) ~[na:na]
	at org.apache.http.impl.client.CloseableHttpClient.execute(CloseableHttpClient.java:71) ~[na:na]
	at org.apache.http.impl.client.CloseableHttpClient.execute(CloseableHttpClient.java:55) ~[na:na]
	at org.apache.http.impl.client.DecompressingHttpClient.execute(DecompressingHttpClient.java:164) ~[na:na]
	at org.eclipse.aether.transport.http.HttpTransporter.execute(HttpTransporter.java:296) ~[org.apache.maven.resolver.transport.http_1.0.3.v20170405-0725.jar:1.0.3]
	at org.eclipse.aether.transport.http.HttpTransporter.implGet(HttpTransporter.java:252) ~[org.apache.maven.resolver.transport.http_1.0.3.v20170405-0725.jar:1.0.3]
	at org.eclipse.aether.spi.connector.transport.AbstractTransporter.get(AbstractTransporter.java:68) ~[org.apache.maven.resolver.spi_1.0.3.v20170405-0725.jar:1.0.3]
	at org.eclipse.aether.connector.basic.BasicRepositoryConnector$GetTaskRunner.runTask(BasicRepositoryConnector.java:456) ~[org.apache.maven.resolver.connector.basic_1.0.3.v20170405-0725.jar:1.0.3]
	at org.eclipse.aether.connector.basic.BasicRepositoryConnector$TaskRunner.run(BasicRepositoryConnector.java:359) ~[org.apache.maven.resolver.connector.basic_1.0.3.v20170405-0725.jar:1.0.3]
	... 13 common frames omitted
2019-11-29 10:37:32,690 [Worker-4] INFO  c.g.t.t.d.PublishedGradleVersions - Gradle version information cache is up-to-date. Trying to read.
2019-11-29 10:44:00,152 [Worker-11] WARN  o.e.r.models.ModelRepository - Failed to download org.eclipse.recommenders:index::zip:0.0.0
org.eclipse.aether.resolution.ArtifactResolutionException: Could not transfer artifact org.eclipse.recommenders:index:zip:0.0.0-SNAPSHOT from/to models (http://download.eclipse.org/recommenders/models/oxygen/): download.eclipse.org
	at org.eclipse.aether.internal.impl.DefaultArtifactResolver.resolve(DefaultArtifactResolver.java:453) ~[na:na]
	at org.eclipse.aether.internal.impl.DefaultArtifactResolver.resolveArtifacts(DefaultArtifactResolver.java:255) ~[na:na]
	at org.eclipse.aether.internal.impl.DefaultArtifactResolver.resolveArtifact(DefaultArtifactResolver.java:232) ~[na:na]
	at org.eclipse.aether.internal.impl.DefaultRepositorySystem.resolveArtifact(DefaultRepositorySystem.java:303) ~[na:na]
	at org.eclipse.recommenders.models.ModelRepository.resolveInternal(ModelRepository.java:193) [org.eclipse.recommenders.models_2.5.2.v20180401-1226.jar:na]
	at org.eclipse.recommenders.models.ModelRepository.resolve(ModelRepository.java:172) [org.eclipse.recommenders.models_2.5.2.v20180401-1226.jar:na]
	at org.eclipse.recommenders.internal.models.rcp.EclipseModelRepository.resolve(EclipseModelRepository.java:168) [org.eclipse.recommenders.models.rcp_2.5.2.v20180401-1226.jar:na]
	at org.eclipse.recommenders.internal.models.rcp.DownloadModelArchiveJob.run(DownloadModelArchiveJob.java:76) [org.eclipse.recommenders.models.rcp_2.5.2.v20180401-1226.jar:na]
	at org.eclipse.core.internal.jobs.Worker.run(Worker.java:56) [org.eclipse.core.jobs_3.9.3.v20180115-1757.jar:na]
Caused by: org.eclipse.aether.transfer.ArtifactTransferException: Could not transfer artifact org.eclipse.recommenders:index:zip:0.0.0-SNAPSHOT from/to models (http://download.eclipse.org/recommenders/models/oxygen/): download.eclipse.org
	at org.eclipse.aether.connector.basic.ArtifactTransportListener.transferFailed(ArtifactTransportListener.java:52) ~[org.apache.maven.resolver.connector.basic_1.0.3.v20170405-0725.jar:1.0.3]
	at org.eclipse.aether.connector.basic.BasicRepositoryConnector$TaskRunner.run(BasicRepositoryConnector.java:364) ~[org.apache.maven.resolver.connector.basic_1.0.3.v20170405-0725.jar:1.0.3]
	at org.eclipse.aether.util.concurrency.RunnableErrorForwarder$1.run(RunnableErrorForwarder.java:76) ~[na:na]
	at org.eclipse.aether.connector.basic.BasicRepositoryConnector$DirectExecutor.execute(BasicRepositoryConnector.java:590) ~[org.apache.maven.resolver.connector.basic_1.0.3.v20170405-0725.jar:1.0.3]
	at org.eclipse.aether.connector.basic.BasicRepositoryConnector.get(BasicRepositoryConnector.java:258) ~[org.apache.maven.resolver.connector.basic_1.0.3.v20170405-0725.jar:1.0.3]
	at org.eclipse.aether.internal.impl.DefaultArtifactResolver.performDownloads(DefaultArtifactResolver.java:529) ~[na:na]
	at org.eclipse.aether.internal.impl.DefaultArtifactResolver.resolve(DefaultArtifactResolver.java:430) ~[na:na]
	... 8 common frames omitted
Caused by: java.net.UnknownHostException: download.eclipse.org
	at java.net.InetAddress.getAllByName0(Unknown Source) ~[na:1.8.0_221]
	at java.net.InetAddress.getAllByName(Unknown Source) ~[na:1.8.0_221]
	at java.net.InetAddress.getAllByName(Unknown Source) ~[na:1.8.0_221]
	at org.apache.http.impl.conn.SystemDefaultDnsResolver.resolve(SystemDefaultDnsResolver.java:45) ~[na:na]
	at org.apache.http.impl.conn.DefaultClientConnectionOperator.resolveHostname(DefaultClientConnectionOperator.java:262) ~[na:na]
	at org.apache.http.impl.conn.DefaultClientConnectionOperator.openConnection(DefaultClientConnectionOperator.java:161) ~[na:na]
	at org.apache.http.impl.conn.ManagedClientConnectionImpl.open(ManagedClientConnectionImpl.java:328) ~[na:na]
	at org.apache.http.impl.client.DefaultRequestDirector.tryConnect(DefaultRequestDirector.java:612) ~[na:na]
	at org.apache.http.impl.client.DefaultRequestDirector.execute(DefaultRequestDirector.java:447) ~[na:na]
	at org.apache.http.impl.client.AbstractHttpClient.doExecute(AbstractHttpClient.java:884) ~[na:na]
	at org.apache.http.impl.client.CloseableHttpClient.execute(CloseableHttpClient.java:71) ~[na:na]
	at org.apache.http.impl.client.CloseableHttpClient.execute(CloseableHttpClient.java:55) ~[na:na]
	at org.apache.http.impl.client.DecompressingHttpClient.execute(DecompressingHttpClient.java:164) ~[na:na]
	at org.eclipse.aether.transport.http.HttpTransporter.execute(HttpTransporter.java:296) ~[org.apache.maven.resolver.transport.http_1.0.3.v20170405-0725.jar:1.0.3]
	at org.eclipse.aether.transport.http.HttpTransporter.implGet(HttpTransporter.java:252) ~[org.apache.maven.resolver.transport.http_1.0.3.v20170405-0725.jar:1.0.3]
	at org.eclipse.aether.spi.connector.transport.AbstractTransporter.get(AbstractTransporter.java:68) ~[org.apache.maven.resolver.spi_1.0.3.v20170405-0725.jar:1.0.3]
	at org.eclipse.aether.connector.basic.BasicRepositoryConnector$GetTaskRunner.runTask(BasicRepositoryConnector.java:456) ~[org.apache.maven.resolver.connector.basic_1.0.3.v20170405-0725.jar:1.0.3]
	at org.eclipse.aether.connector.basic.BasicRepositoryConnector$TaskRunner.run(BasicRepositoryConnector.java:359) ~[org.apache.maven.resolver.connector.basic_1.0.3.v20170405-0725.jar:1.0.3]
	... 13 common frames omitted
2019-12-02 09:19:20,688 [Worker-5] INFO  c.g.t.t.d.PublishedGradleVersions - Gradle version information cache is up-to-date. Trying to read.
2019-12-02 09:22:33,049 [Worker-9] WARN  o.e.r.models.ModelRepository - Failed to download org.eclipse.recommenders:index::zip:0.0.0
org.eclipse.aether.resolution.ArtifactResolutionException: Could not transfer artifact org.eclipse.recommenders:index:zip:0.0.0-SNAPSHOT from/to models (http://download.eclipse.org/recommenders/models/oxygen/): download.eclipse.org
	at org.eclipse.aether.internal.impl.DefaultArtifactResolver.resolve(DefaultArtifactResolver.java:453) ~[na:na]
	at org.eclipse.aether.internal.impl.DefaultArtifactResolver.resolveArtifacts(DefaultArtifactResolver.java:255) ~[na:na]
	at org.eclipse.aether.internal.impl.DefaultArtifactResolver.resolveArtifact(DefaultArtifactResolver.java:232) ~[na:na]
	at org.eclipse.aether.internal.impl.DefaultRepositorySystem.resolveArtifact(DefaultRepositorySystem.java:303) ~[na:na]
	at org.eclipse.recommenders.models.ModelRepository.resolveInternal(ModelRepository.java:193) [org.eclipse.recommenders.models_2.5.2.v20180401-1226.jar:na]
	at org.eclipse.recommenders.models.ModelRepository.resolve(ModelRepository.java:172) [org.eclipse.recommenders.models_2.5.2.v20180401-1226.jar:na]
	at org.eclipse.recommenders.internal.models.rcp.EclipseModelRepository.resolve(EclipseModelRepository.java:168) [org.eclipse.recommenders.models.rcp_2.5.2.v20180401-1226.jar:na]
	at org.eclipse.recommenders.internal.models.rcp.DownloadModelArchiveJob.run(DownloadModelArchiveJob.java:76) [org.eclipse.recommenders.models.rcp_2.5.2.v20180401-1226.jar:na]
	at org.eclipse.core.internal.jobs.Worker.run(Worker.java:56) [org.eclipse.core.jobs_3.9.3.v20180115-1757.jar:na]
Caused by: org.eclipse.aether.transfer.ArtifactTransferException: Could not transfer artifact org.eclipse.recommenders:index:zip:0.0.0-SNAPSHOT from/to models (http://download.eclipse.org/recommenders/models/oxygen/): download.eclipse.org
	at org.eclipse.aether.connector.basic.ArtifactTransportListener.transferFailed(ArtifactTransportListener.java:52) ~[org.apache.maven.resolver.connector.basic_1.0.3.v20170405-0725.jar:1.0.3]
	at org.eclipse.aether.connector.basic.BasicRepositoryConnector$TaskRunner.run(BasicRepositoryConnector.java:364) ~[org.apache.maven.resolver.connector.basic_1.0.3.v20170405-0725.jar:1.0.3]
	at org.eclipse.aether.util.concurrency.RunnableErrorForwarder$1.run(RunnableErrorForwarder.java:76) ~[na:na]
	at org.eclipse.aether.connector.basic.BasicRepositoryConnector$DirectExecutor.execute(BasicRepositoryConnector.java:590) ~[org.apache.maven.resolver.connector.basic_1.0.3.v20170405-0725.jar:1.0.3]
	at org.eclipse.aether.connector.basic.BasicRepositoryConnector.get(BasicRepositoryConnector.java:258) ~[org.apache.maven.resolver.connector.basic_1.0.3.v20170405-0725.jar:1.0.3]
	at org.eclipse.aether.internal.impl.DefaultArtifactResolver.performDownloads(DefaultArtifactResolver.java:529) ~[na:na]
	at org.eclipse.aether.internal.impl.DefaultArtifactResolver.resolve(DefaultArtifactResolver.java:430) ~[na:na]
	... 8 common frames omitted
Caused by: java.net.UnknownHostException: download.eclipse.org
	at java.net.InetAddress.getAllByName0(Unknown Source) ~[na:1.8.0_221]
	at java.net.InetAddress.getAllByName(Unknown Source) ~[na:1.8.0_221]
	at java.net.InetAddress.getAllByName(Unknown Source) ~[na:1.8.0_221]
	at org.apache.http.impl.conn.SystemDefaultDnsResolver.resolve(SystemDefaultDnsResolver.java:45) ~[na:na]
	at org.apache.http.impl.conn.DefaultClientConnectionOperator.resolveHostname(DefaultClientConnectionOperator.java:262) ~[na:na]
	at org.apache.http.impl.conn.DefaultClientConnectionOperator.openConnection(DefaultClientConnectionOperator.java:161) ~[na:na]
	at org.apache.http.impl.conn.ManagedClientConnectionImpl.open(ManagedClientConnectionImpl.java:328) ~[na:na]
	at org.apache.http.impl.client.DefaultRequestDirector.tryConnect(DefaultRequestDirector.java:612) ~[na:na]
	at org.apache.http.impl.client.DefaultRequestDirector.execute(DefaultRequestDirector.java:447) ~[na:na]
	at org.apache.http.impl.client.AbstractHttpClient.doExecute(AbstractHttpClient.java:884) ~[na:na]
	at org.apache.http.impl.client.CloseableHttpClient.execute(CloseableHttpClient.java:71) ~[na:na]
	at org.apache.http.impl.client.CloseableHttpClient.execute(CloseableHttpClient.java:55) ~[na:na]
	at org.apache.http.impl.client.DecompressingHttpClient.execute(DecompressingHttpClient.java:164) ~[na:na]
	at org.eclipse.aether.transport.http.HttpTransporter.execute(HttpTransporter.java:296) ~[org.apache.maven.resolver.transport.http_1.0.3.v20170405-0725.jar:1.0.3]
	at org.eclipse.aether.transport.http.HttpTransporter.implGet(HttpTransporter.java:252) ~[org.apache.maven.resolver.transport.http_1.0.3.v20170405-0725.jar:1.0.3]
	at org.eclipse.aether.spi.connector.transport.AbstractTransporter.get(AbstractTransporter.java:68) ~[org.apache.maven.resolver.spi_1.0.3.v20170405-0725.jar:1.0.3]
	at org.eclipse.aether.connector.basic.BasicRepositoryConnector$GetTaskRunner.runTask(BasicRepositoryConnector.java:456) ~[org.apache.maven.resolver.connector.basic_1.0.3.v20170405-0725.jar:1.0.3]
	at org.eclipse.aether.connector.basic.BasicRepositoryConnector$TaskRunner.run(BasicRepositoryConnector.java:359) ~[org.apache.maven.resolver.connector.basic_1.0.3.v20170405-0725.jar:1.0.3]
	... 13 common frames omitted
2019-12-02 11:48:26,696 [Worker-0] INFO  c.g.t.t.d.PublishedGradleVersions - Gradle version information cache is up-to-date. Trying to read.
2019-12-02 14:23:24,732 [Worker-4] INFO  c.g.t.t.d.PublishedGradleVersions - Gradle version information cache is up-to-date. Trying to read.
2019-12-02 14:48:02,861 [Worker-9] WARN  o.e.r.models.ModelRepository - Failed to download org.eclipse.recommenders:index::zip:0.0.0
org.eclipse.aether.resolution.ArtifactResolutionException: Could not transfer artifact org.eclipse.recommenders:index:zip:0.0.0-SNAPSHOT from/to models (http://download.eclipse.org/recommenders/models/oxygen/): download.eclipse.org
	at org.eclipse.aether.internal.impl.DefaultArtifactResolver.resolve(DefaultArtifactResolver.java:453) ~[na:na]
	at org.eclipse.aether.internal.impl.DefaultArtifactResolver.resolveArtifacts(DefaultArtifactResolver.java:255) ~[na:na]
	at org.eclipse.aether.internal.impl.DefaultArtifactResolver.resolveArtifact(DefaultArtifactResolver.java:232) ~[na:na]
	at org.eclipse.aether.internal.impl.DefaultRepositorySystem.resolveArtifact(DefaultRepositorySystem.java:303) ~[na:na]
	at org.eclipse.recommenders.models.ModelRepository.resolveInternal(ModelRepository.java:193) [org.eclipse.recommenders.models_2.5.2.v20180401-1226.jar:na]
	at org.eclipse.recommenders.models.ModelRepository.resolve(ModelRepository.java:172) [org.eclipse.recommenders.models_2.5.2.v20180401-1226.jar:na]
	at org.eclipse.recommenders.internal.models.rcp.EclipseModelRepository.resolve(EclipseModelRepository.java:168) [org.eclipse.recommenders.models.rcp_2.5.2.v20180401-1226.jar:na]
	at org.eclipse.recommenders.internal.models.rcp.DownloadModelArchiveJob.run(DownloadModelArchiveJob.java:76) [org.eclipse.recommenders.models.rcp_2.5.2.v20180401-1226.jar:na]
	at org.eclipse.core.internal.jobs.Worker.run(Worker.java:56) [org.eclipse.core.jobs_3.9.3.v20180115-1757.jar:na]
Caused by: org.eclipse.aether.transfer.ArtifactTransferException: Could not transfer artifact org.eclipse.recommenders:index:zip:0.0.0-SNAPSHOT from/to models (http://download.eclipse.org/recommenders/models/oxygen/): download.eclipse.org
	at org.eclipse.aether.connector.basic.ArtifactTransportListener.transferFailed(ArtifactTransportListener.java:52) ~[org.apache.maven.resolver.connector.basic_1.0.3.v20170405-0725.jar:1.0.3]
	at org.eclipse.aether.connector.basic.BasicRepositoryConnector$TaskRunner.run(BasicRepositoryConnector.java:364) ~[org.apache.maven.resolver.connector.basic_1.0.3.v20170405-0725.jar:1.0.3]
	at org.eclipse.aether.util.concurrency.RunnableErrorForwarder$1.run(RunnableErrorForwarder.java:76) ~[na:na]
	at org.eclipse.aether.connector.basic.BasicRepositoryConnector$DirectExecutor.execute(BasicRepositoryConnector.java:590) ~[org.apache.maven.resolver.connector.basic_1.0.3.v20170405-0725.jar:1.0.3]
	at org.eclipse.aether.connector.basic.BasicRepositoryConnector.get(BasicRepositoryConnector.java:258) ~[org.apache.maven.resolver.connector.basic_1.0.3.v20170405-0725.jar:1.0.3]
	at org.eclipse.aether.internal.impl.DefaultArtifactResolver.performDownloads(DefaultArtifactResolver.java:529) ~[na:na]
	at org.eclipse.aether.internal.impl.DefaultArtifactResolver.resolve(DefaultArtifactResolver.java:430) ~[na:na]
	... 8 common frames omitted
Caused by: java.net.UnknownHostException: download.eclipse.org
	at java.net.InetAddress.getAllByName0(Unknown Source) ~[na:1.8.0_221]
	at java.net.InetAddress.getAllByName(Unknown Source) ~[na:1.8.0_221]
	at java.net.InetAddress.getAllByName(Unknown Source) ~[na:1.8.0_221]
	at org.apache.http.impl.conn.SystemDefaultDnsResolver.resolve(SystemDefaultDnsResolver.java:45) ~[na:na]
	at org.apache.http.impl.conn.DefaultClientConnectionOperator.resolveHostname(DefaultClientConnectionOperator.java:262) ~[na:na]
	at org.apache.http.impl.conn.DefaultClientConnectionOperator.openConnection(DefaultClientConnectionOperator.java:161) ~[na:na]
	at org.apache.http.impl.conn.ManagedClientConnectionImpl.open(ManagedClientConnectionImpl.java:328) ~[na:na]
	at org.apache.http.impl.client.DefaultRequestDirector.tryConnect(DefaultRequestDirector.java:612) ~[na:na]
	at org.apache.http.impl.client.DefaultRequestDirector.execute(DefaultRequestDirector.java:447) ~[na:na]
	at org.apache.http.impl.client.AbstractHttpClient.doExecute(AbstractHttpClient.java:884) ~[na:na]
	at org.apache.http.impl.client.CloseableHttpClient.execute(CloseableHttpClient.java:71) ~[na:na]
	at org.apache.http.impl.client.CloseableHttpClient.execute(CloseableHttpClient.java:55) ~[na:na]
	at org.apache.http.impl.client.DecompressingHttpClient.execute(DecompressingHttpClient.java:164) ~[na:na]
	at org.eclipse.aether.transport.http.HttpTransporter.execute(HttpTransporter.java:296) ~[org.apache.maven.resolver.transport.http_1.0.3.v20170405-0725.jar:1.0.3]
	at org.eclipse.aether.transport.http.HttpTransporter.implGet(HttpTransporter.java:252) ~[org.apache.maven.resolver.transport.http_1.0.3.v20170405-0725.jar:1.0.3]
	at org.eclipse.aether.spi.connector.transport.AbstractTransporter.get(AbstractTransporter.java:68) ~[org.apache.maven.resolver.spi_1.0.3.v20170405-0725.jar:1.0.3]
	at org.eclipse.aether.connector.basic.BasicRepositoryConnector$GetTaskRunner.runTask(BasicRepositoryConnector.java:456) ~[org.apache.maven.resolver.connector.basic_1.0.3.v20170405-0725.jar:1.0.3]
	at org.eclipse.aether.connector.basic.BasicRepositoryConnector$TaskRunner.run(BasicRepositoryConnector.java:359) ~[org.apache.maven.resolver.connector.basic_1.0.3.v20170405-0725.jar:1.0.3]
	... 13 common frames omitted
2019-12-05 15:18:10,784 [Worker-1] INFO  c.g.t.t.d.PublishedGradleVersions - Gradle version information cache is out-of-date. Trying to update.
2019-12-05 15:18:11,747 [Worker-1] INFO  c.g.t.t.d.PublishedGradleVersions - Updating Gradle version information cache failed. Using outdated cache.
2019-12-05 15:21:11,098 [Worker-7] WARN  o.e.r.models.ModelRepository - Failed to download org.eclipse.recommenders:index::zip:0.0.0
org.eclipse.aether.resolution.ArtifactResolutionException: Could not transfer artifact org.eclipse.recommenders:index:zip:0.0.0-SNAPSHOT from/to models (http://download.eclipse.org/recommenders/models/oxygen/): download.eclipse.org
	at org.eclipse.aether.internal.impl.DefaultArtifactResolver.resolve(DefaultArtifactResolver.java:453) ~[na:na]
	at org.eclipse.aether.internal.impl.DefaultArtifactResolver.resolveArtifacts(DefaultArtifactResolver.java:255) ~[na:na]
	at org.eclipse.aether.internal.impl.DefaultArtifactResolver.resolveArtifact(DefaultArtifactResolver.java:232) ~[na:na]
	at org.eclipse.aether.internal.impl.DefaultRepositorySystem.resolveArtifact(DefaultRepositorySystem.java:303) ~[na:na]
	at org.eclipse.recommenders.models.ModelRepository.resolveInternal(ModelRepository.java:193) [org.eclipse.recommenders.models_2.5.2.v20180401-1226.jar:na]
	at org.eclipse.recommenders.models.ModelRepository.resolve(ModelRepository.java:172) [org.eclipse.recommenders.models_2.5.2.v20180401-1226.jar:na]
	at org.eclipse.recommenders.internal.models.rcp.EclipseModelRepository.resolve(EclipseModelRepository.java:168) [org.eclipse.recommenders.models.rcp_2.5.2.v20180401-1226.jar:na]
	at org.eclipse.recommenders.internal.models.rcp.DownloadModelArchiveJob.run(DownloadModelArchiveJob.java:76) [org.eclipse.recommenders.models.rcp_2.5.2.v20180401-1226.jar:na]
	at org.eclipse.core.internal.jobs.Worker.run(Worker.java:56) [org.eclipse.core.jobs_3.9.3.v20180115-1757.jar:na]
Caused by: org.eclipse.aether.transfer.ArtifactTransferException: Could not transfer artifact org.eclipse.recommenders:index:zip:0.0.0-SNAPSHOT from/to models (http://download.eclipse.org/recommenders/models/oxygen/): download.eclipse.org
	at org.eclipse.aether.connector.basic.ArtifactTransportListener.transferFailed(ArtifactTransportListener.java:52) ~[org.apache.maven.resolver.connector.basic_1.0.3.v20170405-0725.jar:1.0.3]
	at org.eclipse.aether.connector.basic.BasicRepositoryConnector$TaskRunner.run(BasicRepositoryConnector.java:364) ~[org.apache.maven.resolver.connector.basic_1.0.3.v20170405-0725.jar:1.0.3]
	at org.eclipse.aether.util.concurrency.RunnableErrorForwarder$1.run(RunnableErrorForwarder.java:76) ~[na:na]
	at org.eclipse.aether.connector.basic.BasicRepositoryConnector$DirectExecutor.execute(BasicRepositoryConnector.java:590) ~[org.apache.maven.resolver.connector.basic_1.0.3.v20170405-0725.jar:1.0.3]
	at org.eclipse.aether.connector.basic.BasicRepositoryConnector.get(BasicRepositoryConnector.java:258) ~[org.apache.maven.resolver.connector.basic_1.0.3.v20170405-0725.jar:1.0.3]
	at org.eclipse.aether.internal.impl.DefaultArtifactResolver.performDownloads(DefaultArtifactResolver.java:529) ~[na:na]
	at org.eclipse.aether.internal.impl.DefaultArtifactResolver.resolve(DefaultArtifactResolver.java:430) ~[na:na]
	... 8 common frames omitted
Caused by: java.net.UnknownHostException: download.eclipse.org
	at java.net.InetAddress.getAllByName0(Unknown Source) ~[na:1.8.0_221]
	at java.net.InetAddress.getAllByName(Unknown Source) ~[na:1.8.0_221]
	at java.net.InetAddress.getAllByName(Unknown Source) ~[na:1.8.0_221]
	at org.apache.http.impl.conn.SystemDefaultDnsResolver.resolve(SystemDefaultDnsResolver.java:45) ~[na:na]
	at org.apache.http.impl.conn.DefaultClientConnectionOperator.resolveHostname(DefaultClientConnectionOperator.java:262) ~[na:na]
	at org.apache.http.impl.conn.DefaultClientConnectionOperator.openConnection(DefaultClientConnectionOperator.java:161) ~[na:na]
	at org.apache.http.impl.conn.ManagedClientConnectionImpl.open(ManagedClientConnectionImpl.java:328) ~[na:na]
	at org.apache.http.impl.client.DefaultRequestDirector.tryConnect(DefaultRequestDirector.java:612) ~[na:na]
	at org.apache.http.impl.client.DefaultRequestDirector.execute(DefaultRequestDirector.java:447) ~[na:na]
	at org.apache.http.impl.client.AbstractHttpClient.doExecute(AbstractHttpClient.java:884) ~[na:na]
	at org.apache.http.impl.client.CloseableHttpClient.execute(CloseableHttpClient.java:71) ~[na:na]
	at org.apache.http.impl.client.CloseableHttpClient.execute(CloseableHttpClient.java:55) ~[na:na]
	at org.apache.http.impl.client.DecompressingHttpClient.execute(DecompressingHttpClient.java:164) ~[na:na]
	at org.eclipse.aether.transport.http.HttpTransporter.execute(HttpTransporter.java:296) ~[org.apache.maven.resolver.transport.http_1.0.3.v20170405-0725.jar:1.0.3]
	at org.eclipse.aether.transport.http.HttpTransporter.implGet(HttpTransporter.java:252) ~[org.apache.maven.resolver.transport.http_1.0.3.v20170405-0725.jar:1.0.3]
	at org.eclipse.aether.spi.connector.transport.AbstractTransporter.get(AbstractTransporter.java:68) ~[org.apache.maven.resolver.spi_1.0.3.v20170405-0725.jar:1.0.3]
	at org.eclipse.aether.connector.basic.BasicRepositoryConnector$GetTaskRunner.runTask(BasicRepositoryConnector.java:456) ~[org.apache.maven.resolver.connector.basic_1.0.3.v20170405-0725.jar:1.0.3]
	at org.eclipse.aether.connector.basic.BasicRepositoryConnector$TaskRunner.run(BasicRepositoryConnector.java:359) ~[org.apache.maven.resolver.connector.basic_1.0.3.v20170405-0725.jar:1.0.3]
	... 13 common frames omitted
2019-12-06 01:22:34,035 [Worker-3] INFO  c.g.t.t.d.PublishedGradleVersions - Gradle version information cache is up-to-date. Trying to read.
